[17:27:18] [Client thread/INFO]: Setting user: iannjh
[17:27:18] [Client thread/INFO]: (Session ID is token:0:iannjh)
[17:27:19] [Client thread/INFO]: LWJGL Version: 2.9.4
[17:27:19] [Client thread/INFO]: Reloading ResourceManager: Default
[17:27:19] [Client thread/ERROR]: Couldn't initialize twitch stream
[17:27:19] [Sound Library Loader/INFO]: Starting up SoundSystem...
[17:27:19] [Thread-8/INFO]: Initializing LWJGL OpenAL
[17:27:19] [Thread-8/INFO]: (The LWJGL binding of OpenAL.  For more information, see http://www.lwjgl.org)
[17:27:19] [Thread-8/INFO]: OpenAL initialized.
[17:27:20] [Sound Library Loader/INFO]: Sound engine started
[17:27:20] [Client thread/INFO]: Created: 1024x512 textures-atlas
[17:27:21] [Server thread/INFO]: Starting integrated minecraft server version 1.8.8
[17:27:21] [Server thread/INFO]: Generating keypair
[17:27:21] [Server thread/INFO]: Preparing start region for level 0
[17:27:22] [Server thread/INFO]: Changing view distance to 6, from 10
[17:27:22] [Server thread/INFO]: iannjh[local:E:066edbe3] logged in with entity id 107 at (-1475.0720906290587, 6.5293676399876155, -140.15709947700782)
[17:27:22] [Server thread/INFO]: iannjh joined the game
[17:27:22] [Server thread/INFO]: Saving and pausing game...
[17:27:22] [Server thread/INFO]: Saving chunks for level 'New World'/Overworld
[17:27:22] [Client thread/INFO]: [CHAT] A new §eOptiFine§f version is available: §eHD Ultra I7§f
[17:27:22] [Server thread/INFO]: Saving chunks for level 'New World'/Nether
[17:27:22] [Server thread/INFO]: Saving chunks for level 'New World'/The End
[17:27:23] [Client thread/WARN]: Failed to load shader: minecraft:shaders/post/menu_blur.json
net.minecraft.client.util.JsonException: Invalid shaders/post/menu_blur.json: File not found
	at net.minecraft.client.util.JsonException.func_151379_a(JsonException.java:49) ~[ArchLibman/:?]
	at net.minecraft.client.shader.ShaderGroup.parseGroup(ShaderGroup.java:98) ~[ArchLibman/:?]
	at net.minecraft.client.shader.ShaderGroup.<init>(ShaderGroup.java:52) ~[ArchLibman/:?]
	at net.minecraft.client.renderer.EntityRenderer.loadShader(EntityRenderer.java:297) [ArchLibman/:?]
	at me.wavelength.baseclient.gui.clickgui.ClickGui.initGui(ClickGui.java:34) [ArchLibman/:?]
	at net.minecraft.client.gui.GuiScreen.setWorldAndResolution(GuiScreen.java:442) [ArchLibman/:?]
	at net.minecraft.client.Minecraft.displayGuiScreen(Minecraft.java:946) [ArchLibman/:?]
	at me.wavelength.baseclient.module.modules.semi_hidden.ClickGui.onEnable(ClickGui.java:17) [ArchLibman/:?]
	at me.wavelength.baseclient.module.Module.setToggled(Module.java:170) [ArchLibman/:?]
	at me.wavelength.baseclient.module.Module.toggle(Module.java:153) [ArchLibman/:?]
	at me.wavelength.baseclient.module.ModuleManager.onKeyPressed(ModuleManager.java:153) [ArchLibman/:?]
	at sun.reflect.NativeMethodAccessorImpl.invoke0(Native Method) ~[?:1.8.0_452]
	at sun.reflect.NativeMethodAccessorImpl.invoke(NativeMethodAccessorImpl.java:62) ~[?:1.8.0_452]
	at sun.reflect.DelegatingMethodAccessorImpl.invoke(DelegatingMethodAccessorImpl.java:43) ~[?:1.8.0_452]
	at java.lang.reflect.Method.invoke(Method.java:498) ~[?:1.8.0_452]
	at me.wavelength.baseclient.event.EventManager.call(EventManager.java:83) [ArchLibman/:?]
	at net.minecraft.client.Minecraft.runTick(Minecraft.java:1715) [ArchLibman/:?]
	at net.minecraft.client.Minecraft.runGameLoop(Minecraft.java:1030) [ArchLibman/:?]
	at net.minecraft.client.Minecraft.run(Minecraft.java:457) [ArchLibman/:?]
	at net.minecraft.client.main.Main.main(Main.java:108) [ArchLibman/:?]
	at Start.main(Start.java:7) [ArchLibman/:?]
Caused by: java.io.FileNotFoundException: minecraft:shaders/post/menu_blur.json
	at net.minecraft.client.resources.FallbackResourceManager.getResource(FallbackResourceManager.java:58) ~[ArchLibman/:?]
	at net.minecraft.client.resources.SimpleReloadableResourceManager.getResource(SimpleReloadableResourceManager.java:56) ~[ArchLibman/:?]
	at net.minecraft.client.shader.ShaderGroup.parseGroup(ShaderGroup.java:60) ~[ArchLibman/:?]
	... 19 more
[17:27:23] [Server thread/INFO]: Saving and pausing game...
[17:27:23] [Server thread/INFO]: Saving chunks for level 'New World'/Overworld
[17:27:23] [Server thread/INFO]: Saving chunks for level 'New World'/Nether
[17:27:23] [Server thread/INFO]: Saving chunks for level 'New World'/The End
[17:27:34] [Server thread/INFO]: Saving and pausing game...
[17:27:34] [Server thread/INFO]: Saving chunks for level 'New World'/Overworld
[17:27:34] [Server thread/INFO]: Saving chunks for level 'New World'/Nether
[17:27:34] [Server thread/INFO]: Saving chunks for level 'New World'/The End
[17:27:35] [Server thread/INFO]: Stopping server
[17:27:35] [Server thread/INFO]: Saving players
[17:27:35] [Server thread/INFO]: Saving worlds
[17:27:35] [Server thread/INFO]: Saving chunks for level 'New World'/Overworld
[17:27:35] [Server thread/INFO]: Saving chunks for level 'New World'/Nether
[17:27:35] [Server thread/INFO]: Saving chunks for level 'New World'/The End
[17:27:35] [Client thread/INFO]: Stopping!
[17:27:35] [Client thread/INFO]: SoundSystem shutting down...
[17:27:35] [Client thread/WARN]: Author: Paul Lamb, www.paulscode.com
