src/minecraft/org/newdawn/slick/tests/KeyRepeatTest.java:33: warning: [deprecation] enableKeyRepeat(int,int) in Input has been deprecated
		input.enableKeyRepeat(300,100);
		     ^
src/minecraft/org/newdawn/slick/tests/KeyRepeatTest.java:75: warning: [deprecation] enableKeyRepeat(int,int) in Input has been deprecated
				input.enableKeyRepeat(300,100);
				     ^
src/minecraft/org/newdawn/slick/tests/TestUtils.java:135: warning: [deprecation] toURL() in File has been deprecated
			oggStream = AudioLoader.getStreamingAudio("OGG", new File("testdata/bongos.ogg").toURL());
			                                                                                ^
src/minecraft/org/newdawn/slick/tests/TestUtils.java:139: warning: [deprecation] toURL() in File has been deprecated
			modStream = AudioLoader.getStreamingAudio("MOD", new File("testdata/SMB-X.XM").toURL());
			                                                                              ^
src/minecraft/me/wavelength/baseclient/gui/clickgui/components/ModuleButton.java:24: warning: [deprecation] getFontRenderer() in BaseClient has been deprecated
		position[1] = dropdown.getY() + dropdown.getHeaderHeight() + ((buttonIndex) * (BaseClient.instance.getFontRenderer().getFontSize() / 2)) + (1 * (buttonIndex));
		                                                                                                  ^
src/minecraft/me/wavelength/baseclient/gui/clickgui/components/Dropdown.java:52: warning: [deprecation] getFontRenderer() in BaseClient has been deprecated
		this.fontSize = BaseClient.instance.getFontRenderer().getFontSize() / 2;
		                                   ^
src/minecraft/me/wavelength/baseclient/command/commands/FontCommand.java:22: warning: [deprecation] getFontRenderer() in BaseClient has been deprecated
		BaseClient.instance.getFontRenderer().setFontSizeNormal(size);
		                   ^
src/minecraft/me/wavelength/baseclient/utils/Strings.java:138: warning: [deprecation] getFontRenderer() in BaseClient has been deprecated
		return getStringWidthCFR(text, BaseClient.instance.getFontRenderer().getFontSize());
		                                                  ^
src/minecraft/me/wavelength/baseclient/utils/Strings.java:148: warning: [deprecation] getFontRenderer() in BaseClient has been deprecated
		return (int) BaseClient.instance.getFontRenderer().getFont(fontSize).getStringWidth(stripColors(text));
		                                ^
src/minecraft/me/wavelength/baseclient/utils/Strings.java:152: warning: [deprecation] getFontRenderer() in BaseClient has been deprecated
		return getStringHeightCFR(text, BaseClient.instance.getFontRenderer().getFontSize());
		                                                   ^
src/minecraft/me/wavelength/baseclient/utils/Strings.java:156: warning: [deprecation] getFontRenderer() in BaseClient has been deprecated
		return (int) BaseClient.instance.getFontRenderer().getFont(fontSize).getStringHeight(stripColors(text));
		                                ^
src/minecraft/me/wavelength/baseclient/utils/RenderUtils.java:28: warning: [deprecation] getFontRenderer() in BaseClient has been deprecated
		return BaseClient.instance.getFontRenderer();
		                          ^
src/minecraft/me/wavelength/baseclient/gui/clickgui/GuiBind.java:67: warning: [deprecation] getFontRenderer() in BaseClient has been deprecated
		int currentBoundTextFontSize = BaseClient.instance.getFontRenderer().getFontSize() - 3;
		                                                  ^
src/minecraft/me/wavelength/baseclient/gui/clickgui/GuiBind.java:68: warning: [deprecation] getFontRenderer() in BaseClient has been deprecated
		int escapeTextFontSize = BaseClient.instance.getFontRenderer().getFontSize() - 8;
		                                            ^
src/minecraft/me/wavelength/baseclient/overlay/ToggledModules1.java:30: warning: [deprecation] getFontRenderer() in BaseClient has been deprecated
		int offset = BaseClient.instance.getFontRenderer().getFontSize() / 2 + relativeYOffset;
		                                ^
src/minecraft/me/wavelength/baseclient/overlay/TabGui1.java:393: warning: [deprecation] getFontRenderer() in BaseClient has been deprecated
		int height = BaseClient.instance.getFontRenderer().getFontSize() / 2 + 4;
		                                ^
Note: Some input files use unchecked or unsafe operations.
Note: Recompile with -Xlint:unchecked for details.
16 warnings
